<?xml version="1.0" encoding="UTF-8"?>
<!-- Generated by org.testng.reporters.JUnitReportReporter -->
<testsuite hostname="Prasannakumar" failures="0" tests="1" name="testPages.LoginTest" time="11.091" errors="0" timestamp="2024-04-19T15:26:03 IST" skipped="0">
  <testcase classname="testPages.LoginTest" name="VerifyLoginFunction" time="11.091"/>
  <system-out/>
</testsuite> <!-- testPages.LoginTest -->
