<?xml version="1.0" encoding="UTF-8"?>
<!-- Generated by org.testng.reporters.JUnitReportReporter -->
<testsuite hostname="Prasannakumar" failures="0" tests="1" name="testPages.LoginTest" time="3.399" errors="0" timestamp="2024-04-18T17:16:53 IST" skipped="0">
  <testcase classname="testPages.LoginTest" name="VerifyLoginFunction" time="3.399"/>
  <system-out/>
</testsuite> <!-- testPages.LoginTest -->
